nohup: ignoring input
◇ injected env (2) from .env.local // tip: ⌁ auth for agents [www.vestauth.com]
[Local Crawler] Starting crawl at 6/12/2026, 7:07:45 AM
Crawling 최고상품권...
Crawling 명인상품권...
Crawling 마이페이...
Crawling 엑스이상품권...
Crawling 풍연상품권...
Crawling 하이티켓...
Crawling 우천상품권...
Crawling 의리상품권...
Crawling 기프너스...
Crawling 미래상품권...
Crawling 중앙상품권...
Crawling 회현상품권...
Crawling 고고상품권...
Crawling 명동상품권...
Crawling 도전상품권...
Crawling 씨티상품권...
Crawling VIP상품권...
Crawling 드림상품권...
Crawling 행복상품권...
Crawling 맥스솔루션...
Crawling 우현상품권...
Crawling 베스트상품권...
Puppeteer is not installed. Skipping bestgiftcard crawl.
[Warning] No prices parsed for 베스트상품권
[Local Crawler] Fetched data for 21 sites.
[Local Crawler] Successfully updated 63 prices to Supabase.
[Local Crawler] Job finished.

